<?xml version="1.0" encoding="UTF-8"?>
<testsuite name="de.htwberlin.webtech.RecipeServiceTest" tests="6" skipped="0" failures="0" errors="0" timestamp="2026-01-07T23:24:57.801Z" hostname="Mac" time="0.456">
  <properties/>
  <testcase name="findAllPublished should call repo.findByPublishedTrue" classname="de.htwberlin.webtech.RecipeServiceTest" time="0.436"/>
  <testcase name="findAll should delegate to repository" classname="de.htwberlin.webtech.RecipeServiceTest" time="0.002"/>
  <testcase name="update should copy fields and save" classname="de.htwberlin.webtech.RecipeServiceTest" time="0.006"/>
  <testcase name="delete should delegate to repo.deleteById" classname="de.htwberlin.webtech.RecipeServiceTest" time="0.002"/>
  <testcase name="findById should throw when recipe not found" classname="de.htwberlin.webtech.RecipeServiceTest" time="0.005"/>
  <testcase name="create should throw IllegalArgumentException when title is empty" classname="de.htwberlin.webtech.RecipeServiceTest" time="0.003"/>
  <system-out><![CDATA[]]></system-out>
  <system-err><![CDATA[Mockito is currently self-attaching to enable the inline-mock-maker. This will no longer work in future releases of the JDK. Please add Mockito as an agent to your build as described in Mockito's documentation: https://javadoc.io/doc/org.mockito/mockito-core/latest/org.mockito/org/mockito/Mockito.html#0.3
WARNING: A Java agent has been loaded dynamically (/Users/salmadarwiche/.gradle/caches/modules-2/files-2.1/net.bytebuddy/byte-buddy-agent/1.17.7/fbf3d6d649ed37fc9e9c59480a05be0a26e3c2da/byte-buddy-agent-1.17.7.jar)
WARNING: If a serviceability tool is in use, please run with -XX:+EnableDynamicAgentLoading to hide this warning
WARNING: If a serviceability tool is not in use, please run with -Djdk.instrument.traceUsage for more information
WARNING: Dynamic loading of agents will be disallowed by default in a future release
]]></system-err>
</testsuite>
