<?xml version="1.0" encoding="UTF-8"?>
<testsuite name="de.htwberlin.webtech.recipe.RecipeResourceTest" tests="20" skipped="0" failures="0" errors="0" timestamp="2026-06-05T19:36:35.976Z" hostname="DESKTOP-JTGLLC2" time="1.354">
  <properties/>
  <testcase name="create_should_return_ok()" classname="de.htwberlin.webtech.recipe.RecipeResourceTest" time="0.261"/>
  <testcase name="create_should_return_unauthorized_without_token()" classname="de.htwberlin.webtech.recipe.RecipeResourceTest" time="0.088"/>
  <testcase name="create_should_return_bad_request_when_title_is_blank()" classname="de.htwberlin.webtech.recipe.RecipeResourceTest" time="0.08"/>
  <testcase name="getAll_should_return_ok()" classname="de.htwberlin.webtech.recipe.RecipeResourceTest" time="0.031"/>
  <testcase name="update_should_return_bad_request_when_recipe_data_invalid()" classname="de.htwberlin.webtech.recipe.RecipeResourceTest" time="0.095"/>
  <testcase name="update_should_return_ok()" classname="de.htwberlin.webtech.recipe.RecipeResourceTest" time="0.043"/>
  <testcase name="getPublished_should_return_ok()" classname="de.htwberlin.webtech.recipe.RecipeResourceTest" time="0.021"/>
  <testcase name="update_should_return_not_found_when_recipe_missing()" classname="de.htwberlin.webtech.recipe.RecipeResourceTest" time="0.068"/>
  <testcase name="update_should_return_forbidden_for_foreign_recipe()" classname="de.htwberlin.webtech.recipe.RecipeResourceTest" time="0.071"/>
  <testcase name="update_should_return_unauthorized_without_token()" classname="de.htwberlin.webtech.recipe.RecipeResourceTest" time="0.074"/>
  <testcase name="delete_should_return_forbidden_for_foreign_recipe()" classname="de.htwberlin.webtech.recipe.RecipeResourceTest" time="0.067"/>
  <testcase name="delete_should_return_unauthorized_without_token()" classname="de.htwberlin.webtech.recipe.RecipeResourceTest" time="0.067"/>
  <testcase name="delete_should_return_forbidden_for_legacy_recipe_without_owner()" classname="de.htwberlin.webtech.recipe.RecipeResourceTest" time="0.066"/>
  <testcase name="create_should_return_bad_request_when_required_fields_are_missing()" classname="de.htwberlin.webtech.recipe.RecipeResourceTest" time="0.057"/>
  <testcase name="delete_should_return_ok()" classname="de.htwberlin.webtech.recipe.RecipeResourceTest" time="0.023"/>
  <testcase name="getById_should_return_ok()" classname="de.htwberlin.webtech.recipe.RecipeResourceTest" time="0.031"/>
  <testcase name="getExternal_should_return_ok()" classname="de.htwberlin.webtech.recipe.RecipeResourceTest" time="0.019"/>
  <testcase name="update_should_return_forbidden_for_legacy_recipe_without_owner()" classname="de.htwberlin.webtech.recipe.RecipeResourceTest" time="0.06"/>
  <testcase name="delete_should_return_not_found_when_recipe_missing()" classname="de.htwberlin.webtech.recipe.RecipeResourceTest" time="0.048"/>
  <testcase name="getById_should_return_not_found_when_recipe_missing()" classname="de.htwberlin.webtech.recipe.RecipeResourceTest" time="0.049"/>
  <system-out><![CDATA[]]></system-out>
  <system-err><![CDATA[]]></system-err>
</testsuite>
