<?xml version="1.0" encoding="UTF-8"?>
<testsuite name="de.htwberlin.webtech.pantry.PantryServiceTest" tests="7" skipped="0" failures="0" errors="0" timestamp="2026-06-06T01:28:38.159Z" hostname="DESKTOP-JTGLLC2" time="0.024">
  <properties/>
  <testcase name="update should allow owner" classname="de.htwberlin.webtech.pantry.PantryServiceTest" time="0.013"/>
  <testcase name="create should set owner and persist" classname="de.htwberlin.webtech.pantry.PantryServiceTest" time="0.001"/>
  <testcase name="delete should reject different owner" classname="de.htwberlin.webtech.pantry.PantryServiceTest" time="0.001"/>
  <testcase name="update should reject different owner" classname="de.htwberlin.webtech.pantry.PantryServiceTest" time="0.001"/>
  <testcase name="update should throw not found for missing item" classname="de.htwberlin.webtech.pantry.PantryServiceTest" time="0.003"/>
  <testcase name="listMine should delegate to repository" classname="de.htwberlin.webtech.pantry.PantryServiceTest" time="0.001"/>
  <testcase name="delete should allow owner" classname="de.htwberlin.webtech.pantry.PantryServiceTest" time="0.002"/>
  <system-out><![CDATA[]]></system-out>
  <system-err><![CDATA[]]></system-err>
</testsuite>
