<?xml version="1.0" encoding="UTF-8"?>
<testsuite name="de.htwberlin.webtech.RecipeServiceTest" tests="6" skipped="0" failures="0" errors="0" timestamp="2026-01-07T23:21:21.439Z" hostname="Mac" time="0.072">
  <properties/>
  <testcase name="findAllPublished should call repo.findByPublishedTrue" classname="de.htwberlin.webtech.RecipeServiceTest" time="0.066"/>
  <testcase name="findAll should delegate to repository" classname="de.htwberlin.webtech.RecipeServiceTest" time="0.001"/>
  <testcase name="update should copy fields and save" classname="de.htwberlin.webtech.RecipeServiceTest" time="0.002"/>
  <testcase name="delete should delegate to repo.deleteById" classname="de.htwberlin.webtech.RecipeServiceTest" time="0.001"/>
  <testcase name="findById should throw when recipe not found" classname="de.htwberlin.webtech.RecipeServiceTest" time="0.001"/>
  <testcase name="create should throw IllegalArgumentException when title is empty" classname="de.htwberlin.webtech.RecipeServiceTest" time="0.001"/>
  <system-out><![CDATA[]]></system-out>
  <system-err><![CDATA[]]></system-err>
</testsuite>
