<?xml version="1.0" encoding="UTF-8"?>
<testsuite name="de.htwberlin.webtech.recipe.RecipeResourceTest" tests="23" skipped="0" failures="0" errors="0" timestamp="2026-06-06T01:28:28.909Z" hostname="DESKTOP-JTGLLC2" time="1.345">
  <properties/>
  <testcase name="getMine_should_return_unauthorized_without_token()" classname="de.htwberlin.webtech.recipe.RecipeResourceTest" time="0.218"/>
  <testcase name="create_should_return_ok()" classname="de.htwberlin.webtech.recipe.RecipeResourceTest" time="0.044"/>
  <testcase name="create_should_return_unauthorized_without_token()" classname="de.htwberlin.webtech.recipe.RecipeResourceTest" time="0.06"/>
  <testcase name="create_should_return_bad_request_when_title_is_blank()" classname="de.htwberlin.webtech.recipe.RecipeResourceTest" time="0.069"/>
  <testcase name="getAll_should_return_ok()" classname="de.htwberlin.webtech.recipe.RecipeResourceTest" time="0.022"/>
  <testcase name="getMine_should_return_only_current_users_recipes()" classname="de.htwberlin.webtech.recipe.RecipeResourceTest" time="0.025"/>
  <testcase name="update_should_return_bad_request_when_recipe_data_invalid()" classname="de.htwberlin.webtech.recipe.RecipeResourceTest" time="0.069"/>
  <testcase name="update_should_return_ok()" classname="de.htwberlin.webtech.recipe.RecipeResourceTest" time="0.035"/>
  <testcase name="getPublished_should_return_ok()" classname="de.htwberlin.webtech.recipe.RecipeResourceTest" time="0.023"/>
  <testcase name="update_should_return_not_found_when_recipe_missing()" classname="de.htwberlin.webtech.recipe.RecipeResourceTest" time="0.076"/>
  <testcase name="update_should_return_forbidden_for_foreign_recipe()" classname="de.htwberlin.webtech.recipe.RecipeResourceTest" time="0.062"/>
  <testcase name="update_should_return_unauthorized_without_token()" classname="de.htwberlin.webtech.recipe.RecipeResourceTest" time="0.061"/>
  <testcase name="delete_should_return_forbidden_for_foreign_recipe()" classname="de.htwberlin.webtech.recipe.RecipeResourceTest" time="0.055"/>
  <testcase name="delete_should_return_unauthorized_without_token()" classname="de.htwberlin.webtech.recipe.RecipeResourceTest" time="0.053"/>
  <testcase name="delete_should_return_forbidden_for_legacy_recipe_without_owner()" classname="de.htwberlin.webtech.recipe.RecipeResourceTest" time="0.069"/>
  <testcase name="create_should_return_bad_request_when_required_fields_are_missing()" classname="de.htwberlin.webtech.recipe.RecipeResourceTest" time="0.069"/>
  <testcase name="delete_should_return_ok()" classname="de.htwberlin.webtech.recipe.RecipeResourceTest" time="0.023"/>
  <testcase name="getMine_should_return_ok_with_token()" classname="de.htwberlin.webtech.recipe.RecipeResourceTest" time="0.043"/>
  <testcase name="getById_should_return_ok()" classname="de.htwberlin.webtech.recipe.RecipeResourceTest" time="0.031"/>
  <testcase name="getExternal_should_return_ok()" classname="de.htwberlin.webtech.recipe.RecipeResourceTest" time="0.02"/>
  <testcase name="update_should_return_forbidden_for_legacy_recipe_without_owner()" classname="de.htwberlin.webtech.recipe.RecipeResourceTest" time="0.057"/>
  <testcase name="delete_should_return_not_found_when_recipe_missing()" classname="de.htwberlin.webtech.recipe.RecipeResourceTest" time="0.064"/>
  <testcase name="getById_should_return_not_found_when_recipe_missing()" classname="de.htwberlin.webtech.recipe.RecipeResourceTest" time="0.055"/>
  <system-out><![CDATA[]]></system-out>
  <system-err><![CDATA[]]></system-err>
</testsuite>
