<?xml version="1.0" encoding="UTF-8"?>
<testsuite name="de.htwberlin.webtech.RecipeControllerTest" tests="7" skipped="0" failures="0" errors="0" timestamp="2026-01-07T23:21:21.315Z" hostname="Mac" time="0.099">
  <properties/>
  <testcase name="create_should_return_ok()" classname="de.htwberlin.webtech.RecipeControllerTest" time="0.076"/>
  <testcase name="getAll_should_return_ok()" classname="de.htwberlin.webtech.RecipeControllerTest" time="0.006"/>
  <testcase name="update_should_return_ok()" classname="de.htwberlin.webtech.RecipeControllerTest" time="0.003"/>
  <testcase name="getPublished_should_return_ok()" classname="de.htwberlin.webtech.RecipeControllerTest" time="0.002"/>
  <testcase name="delete_should_return_ok()" classname="de.htwberlin.webtech.RecipeControllerTest" time="0.004"/>
  <testcase name="getById_should_return_ok()" classname="de.htwberlin.webtech.RecipeControllerTest" time="0.002"/>
  <testcase name="getExternal_should_return_ok()" classname="de.htwberlin.webtech.RecipeControllerTest" time="0.003"/>
  <system-out><![CDATA[00:21:20.394 [Test worker] INFO org.springframework.test.context.support.AnnotationConfigContextLoaderUtils -- Could not detect default configuration classes for test class [de.htwberlin.webtech.RecipeControllerTest]: RecipeControllerTest does not declare any static, non-private, non-final, nested classes annotated with @Configuration.
00:21:20.445 [Test worker] INFO org.springframework.boot.test.context.SpringBootTestContextBootstrapper -- Found @SpringBootConfiguration de.htwberlin.webtech.WebtechApplication for test class de.htwberlin.webtech.RecipeControllerTest

  .   ____          _            __ _ _
 /\\ / ___'_ __ _ _(_)_ __  __ _ \ \ \ \
( ( )\___ | '_ | '_| | '_ \/ _` | \ \ \ \
 \\/  ___)| |_)| | | | | || (_| |  ) ) ) )
  '  |____| .__|_| |_|_| |_\__, | / / / /
 =========|_|==============|___/=/_/_/_/

 :: Spring Boot ::                (v3.5.6)

2026-01-08T00:21:20.587+01:00  INFO 4259 --- [webtech] [    Test worker] d.h.webtech.RecipeControllerTest         : Starting RecipeControllerTest using Java 21.0.6 with PID 4259 (started by salmadarwiche in /Users/salmadarwiche/Documents/2 Semester/Angewandte Programmierung/Projekt-1)
2026-01-08T00:21:20.588+01:00  INFO 4259 --- [webtech] [    Test worker] d.h.webtech.RecipeControllerTest         : No active profile set, falling back to 1 default profile: "default"
2026-01-08T00:21:21.282+01:00  WARN 4259 --- [webtech] [    Test worker] ion$DefaultTemplateResolverConfiguration : Cannot find template location: classpath:/templates/ (please add some templates, check your Thymeleaf configuration, or set spring.thymeleaf.check-template-location=false)
2026-01-08T00:21:21.301+01:00  INFO 4259 --- [webtech] [    Test worker] o.s.b.t.m.w.SpringBootMockServletContext : Initializing Spring TestDispatcherServlet ''
2026-01-08T00:21:21.301+01:00  INFO 4259 --- [webtech] [    Test worker] o.s.t.web.servlet.TestDispatcherServlet  : Initializing Servlet ''
2026-01-08T00:21:21.302+01:00  INFO 4259 --- [webtech] [    Test worker] o.s.t.web.servlet.TestDispatcherServlet  : Completed initialization in 1 ms
2026-01-08T00:21:21.313+01:00  INFO 4259 --- [webtech] [    Test worker] d.h.webtech.RecipeControllerTest         : Started RecipeControllerTest in 0.842 seconds (process running for 1.333)
]]></system-out>
  <system-err><![CDATA[Mockito is currently self-attaching to enable the inline-mock-maker. This will no longer work in future releases of the JDK. Please add Mockito as an agent to your build as described in Mockito's documentation: https://javadoc.io/doc/org.mockito/mockito-core/latest/org.mockito/org/mockito/Mockito.html#0.3
WARNING: A Java agent has been loaded dynamically (/Users/salmadarwiche/.gradle/caches/modules-2/files-2.1/net.bytebuddy/byte-buddy-agent/1.17.7/fbf3d6d649ed37fc9e9c59480a05be0a26e3c2da/byte-buddy-agent-1.17.7.jar)
WARNING: If a serviceability tool is in use, please run with -XX:+EnableDynamicAgentLoading to hide this warning
WARNING: If a serviceability tool is not in use, please run with -Djdk.instrument.traceUsage for more information
WARNING: Dynamic loading of agents will be disallowed by default in a future release
]]></system-err>
</testsuite>
