<?xml version="1.0" encoding="UTF-8"?>
<testsuite name="de.htwberlin.webtech.user.AppUserRepositoryIntegrationTest" tests="5" skipped="0" failures="0" errors="0" timestamp="2026-06-06T01:28:37.880Z" hostname="DESKTOP-JTGLLC2" time="0.075">
  <properties/>
  <testcase name="should_reject_duplicate_username()" classname="de.htwberlin.webtech.user.AppUserRepositoryIntegrationTest" time="0.025"/>
  <testcase name="should_save_app_user()" classname="de.htwberlin.webtech.user.AppUserRepositoryIntegrationTest" time="0.008"/>
  <testcase name="should_find_app_user_by_email()" classname="de.htwberlin.webtech.user.AppUserRepositoryIntegrationTest" time="0.009"/>
  <testcase name="should_reject_duplicate_email()" classname="de.htwberlin.webtech.user.AppUserRepositoryIntegrationTest" time="0.013"/>
  <testcase name="should_find_app_user_by_username()" classname="de.htwberlin.webtech.user.AppUserRepositoryIntegrationTest" time="0.012"/>
  <system-out><![CDATA[2026-06-06 03:28:37,899 WARN  [org.hibernate.orm.jdbc.error] (Test worker) HHH000247: ErrorCode: 0, SQLState: 23505
2026-06-06 03:28:37,900 WARN  [org.hibernate.orm.jdbc.error] (Test worker) ERROR: duplicate key value violates unique constraint "app_user_username_key"
  Detail: Key (username)=(duplicate-username) already exists.
2026-06-06 03:28:37,938 WARN  [org.hibernate.orm.jdbc.error] (Test worker) HHH000247: ErrorCode: 0, SQLState: 23505
2026-06-06 03:28:37,938 WARN  [org.hibernate.orm.jdbc.error] (Test worker) ERROR: duplicate key value violates unique constraint "app_user_email_key"
  Detail: Key (email)=(duplicate-email@example.com) already exists.
]]></system-out>
  <system-err><![CDATA[]]></system-err>
</testsuite>
