<?xml version="1.0" encoding="UTF-8"?>
<testsuite name="de.htwberlin.webtech.auth.AuthServiceIntegrationTest" tests="7" skipped="0" failures="0" errors="0" timestamp="2026-06-06T01:28:36.027Z" hostname="DESKTOP-JTGLLC2" time="1.62">
  <properties/>
  <testcase name="register_should_return_auth_response_with_token()" classname="de.htwberlin.webtech.auth.AuthServiceIntegrationTest" time="0.722"/>
  <testcase name="register_should_fail_when_username_already_exists()" classname="de.htwberlin.webtech.auth.AuthServiceIntegrationTest" time="0.097"/>
  <testcase name="register_should_persist_app_user()" classname="de.htwberlin.webtech.auth.AuthServiceIntegrationTest" time="0.15"/>
  <testcase name="login_should_succeed_with_correct_credentials()" classname="de.htwberlin.webtech.auth.AuthServiceIntegrationTest" time="0.186"/>
  <testcase name="register_should_fail_when_email_already_exists()" classname="de.htwberlin.webtech.auth.AuthServiceIntegrationTest" time="0.093"/>
  <testcase name="login_should_fail_with_wrong_password()" classname="de.htwberlin.webtech.auth.AuthServiceIntegrationTest" time="0.177"/>
  <testcase name="register_should_store_bcrypt_hash_instead_of_plain_password()" classname="de.htwberlin.webtech.auth.AuthServiceIntegrationTest" time="0.182"/>
  <system-out><![CDATA[2026-06-06 03:28:30,399 INFO  [io.quarkus] (Test worker) webtech stopped in 0.025s
2026-06-06 03:28:30,491 INFO  [tc.docker.io/library/postgres:18] (ForkJoinPool.commonPool-worker-11) Creating container for image: docker.io/library/postgres:18
2026-06-06 03:28:30,604 INFO  [org.testcontainers.utility.RegistryAuthLocator] (ForkJoinPool.commonPool-worker-11) Credential helper/store (docker-credential-desktop) does not have credentials for docker.io
2026-06-06 03:28:30,613 WARN  [tc.docker.io/library/postgres:18] (ForkJoinPool.commonPool-worker-11) Reuse was requested but the environment does not support the reuse of containers
To enable reuse of containers, you must set 'testcontainers.reuse.enable=true' in a file located at C:\Users\ibrah\.testcontainers.properties
2026-06-06 03:28:30,615 INFO  [tc.testcontainers/ryuk:0.14.0] (ForkJoinPool.commonPool-worker-11) Creating container for image: testcontainers/ryuk:0.14.0
2026-06-06 03:28:30,834 INFO  [tc.testcontainers/ryuk:0.14.0] (ForkJoinPool.commonPool-worker-11) Container testcontainers/ryuk:0.14.0 is starting: 053570f1db959660c2d487a9025376d6e3d2bcdbab44242b875faa93fde2e9b6
2026-06-06 03:28:31,384 INFO  [tc.testcontainers/ryuk:0.14.0] (ForkJoinPool.commonPool-worker-11) Container testcontainers/ryuk:0.14.0 started in PT0.7685641S
2026-06-06 03:28:31,453 INFO  [tc.docker.io/library/postgres:18] (ForkJoinPool.commonPool-worker-11) Container docker.io/library/postgres:18 is starting: 6b65387f871b7b9f06060fb1ce924d96ebb6fd398ed13e9f00abe6dc2728f3ee
2026-06-06 03:28:33,632 INFO  [tc.docker.io/library/postgres:18] (ForkJoinPool.commonPool-worker-11) Container docker.io/library/postgres:18 started in PT3.141378S
2026-06-06 03:28:33,633 INFO  [tc.docker.io/library/postgres:18] (ForkJoinPool.commonPool-worker-11) Container is started (JDBC URL: jdbc:postgresql://localhost:59226/webtech_test?loggerLevel=OFF)
2026-06-06 03:28:33,634 INFO  [io.quarkus.datasource.deployment.devservices.DevServicesDatasourceProcessor] (ForkJoinPool.commonPool-worker-11) Dev Services for default datasource (postgresql) started - container ID is 6b65387f871b
2026-06-06 03:28:36,015 INFO  [io.quarkus] (Test worker) webtech 0.0.1-SNAPSHOT on JVM (powered by Quarkus 3.35.2) started in 2.332s. Listening on: http://localhost:8081
2026-06-06 03:28:36,015 INFO  [io.quarkus] (Test worker) Profile test activated. 
2026-06-06 03:28:36,015 INFO  [io.quarkus] (Test worker) Installed features: [agroal, cdi, compose, hibernate-orm, hibernate-orm-panache, hibernate-validator, jdbc-postgresql, narayana-jta, rest, rest-jackson, security, smallrye-context-propagation, smallrye-jwt, smallrye-openapi, swagger-ui, vertx]
]]></system-out>
  <system-err><![CDATA[]]></system-err>
</testsuite>
