<?xml version="1.0" encoding="UTF-8"?>
<testsuite name="de.htwberlin.webtech.recipe.RecipeRepositoryIntegrationTest" tests="6" skipped="0" failures="0" errors="0" timestamp="2026-06-06T01:28:37.788Z" hostname="DESKTOP-JTGLLC2" time="0.079">
  <properties/>
  <testcase name="should_filter_published_recipes()" classname="de.htwberlin.webtech.recipe.RecipeRepositoryIntegrationTest" time="0.016"/>
  <testcase name="should_delete_recipe()" classname="de.htwberlin.webtech.recipe.RecipeRepositoryIntegrationTest" time="0.009"/>
  <testcase name="should_find_recipe_by_id()" classname="de.htwberlin.webtech.recipe.RecipeRepositoryIntegrationTest" time="0.006"/>
  <testcase name="should_find_recipes_by_owner()" classname="de.htwberlin.webtech.recipe.RecipeRepositoryIntegrationTest" time="0.023"/>
  <testcase name="should_save_recipe()" classname="de.htwberlin.webtech.recipe.RecipeRepositoryIntegrationTest" time="0.006"/>
  <testcase name="should_save_and_read_recipe_with_owner()" classname="de.htwberlin.webtech.recipe.RecipeRepositoryIntegrationTest" time="0.01"/>
  <system-out><![CDATA[]]></system-out>
  <system-err><![CDATA[]]></system-err>
</testsuite>
